<?xml version="1.0" encoding="UTF-8"?>
<!-- Generated by org.testng.reporters.JUnitReportReporter -->
<testsuite hostname="LAPTOP-RB7UNEHV" failures="0" tests="1" name="shopper.ShopperStack" time="2.949" errors="0" timestamp="2023-09-05T11:38:04 IST" skipped="0">
  <testcase classname="shopper.ShopperStack" name="shopperLogin" time="2.949"/>
  <system-out/>
</testsuite> <!-- shopper.ShopperStack -->
